<?xml version="1.0" encoding="UTF-8" ?>
<testsuite tests="2" failures="0" name="org.sadiframework.service.ontology.MyGridServiceOntologyHelperTest" time="0.176" errors="0" skipped="0">
  <properties>
    <property name="java.runtime.name" value="Java(TM) SE Runtime Environment"/>
    <property name="sun.boot.library.path" value="C:\Program Files\Java\jdk1.8.0_72\jre\bin"/>
    <property name="java.vm.version" value="25.72-b15"/>
    <property name="java.vm.vendor" value="Oracle Corporation"/>
    <property name="java.vendor.url" value="http://java.oracle.com/"/>
    <property name="path.separator" value=";"/>
    <property name="java.vm.name" value="Java HotSpot(TM) 64-Bit Server VM"/>
    <property name="file.encoding.pkg" value="sun.io"/>
    <property name="user.script" value=""/>
    <property name="user.country" value="ES"/>
    <property name="sun.java.launcher" value="SUN_STANDARD"/>
    <property name="sun.os.patch.level" value=""/>
    <property name="java.vm.specification.name" value="Java Virtual Machine Specification"/>
    <property name="user.dir" value="C:\Users\ADRIANJOSE\workspace101\sadi.common"/>
    <property name="java.runtime.version" value="1.8.0_72-b15"/>
    <property name="java.awt.graphicsenv" value="sun.awt.Win32GraphicsEnvironment"/>
    <property name="basedir" value="C:\Users\ADRIANJOSE\workspace101\sadi.common"/>
    <property name="java.endorsed.dirs" value="C:\Program Files\Java\jdk1.8.0_72\jre\lib\endorsed"/>
    <property name="os.arch" value="amd64"/>
    <property name="surefire.real.class.path" value="C:\Users\ADRIANJOSE\workspace101\sadi.common\target\surefire\surefirebooter6647796143519997734.jar"/>
    <property name="java.io.tmpdir" value="C:\Users\ADRIAN~1\AppData\Local\Temp\"/>
    <property name="line.separator" value="
"/>
    <property name="java.vm.specification.vendor" value="Oracle Corporation"/>
    <property name="user.variant" value=""/>
    <property name="os.name" value="Windows 10"/>
    <property name="sun.jnu.encoding" value="Cp1252"/>
    <property name="java.library.path" value="C:\Program Files\Java\jdk1.8.0_72\jre\bin;C:\WINDOWS\Sun\Java\bin;C:\WINDOWS\system32;C:\WINDOWS;C:/Program Files/Java/jre1.8.0_72/bin/server;C:/Program Files/Java/jre1.8.0_72/bin;C:/Program Files/Java/jre1.8.0_72/lib/amd64;C:\ProgramData\Oracle\Java\javapath;C:\Program Files (x86)\AMD APP\bin\x86_64;C:\Program Files (x86)\AMD APP\bin\x86;C:\Program Files (x86)\Intel\iCLS Client\;C:\Program Files\Intel\iCLS Client\;C:\WINDOWS\system32;C:\WINDOWS;C:\WINDOWS\System32\Wbem;C:\WINDOWS\System32\WindowsPowerShell\v1.0\;C:\Program Files\Intel\Intel(R) Management Engine Components\DAL;C:\Program Files\Intel\Intel(R) Management Engine Components\IPT;C:\Program Files (x86)\Intel\Intel(R) Management Engine Components\DAL;C:\Program Files (x86)\Intel\Intel(R) Management Engine Components\IPT;C:\Program Files (x86)\ATI Technologies\ATI.ACE\Core-Static;C:\Program Files (x86)\Windows Live\Shared;C:\Program Files (x86)\Universal Extractor;C:\Program Files (x86)\Universal Extractor\bin;C:\Program Files (x86)\QuickTime\QTSystem\;C:\Program Files\Java\jdk1.7.0_45\bin;C:\Program Files\Microsoft SQL Server\110\Tools\Binn\;C:\Program Files (x86)\VisualSVN\bin;C:\Program Files\TortoiseSVN\bin;C:\Program Files (x86)\Windows Kits\8.1\Windows Performance Toolkit\;C:\Program Files (x86)\Microsoft SDKs\TypeScript\1.0\;C:\Program Files (x86)\MKVToolNix;C:\Program Files\Git\cmd;C:\Program Files\Distelli;c:\jruby-9.1.2.0\bin;C:\Ruby22-x64\bin;C:\Program Files (x86)\Nmap;C:\Program Files\apache-maven-3.3.9\bin;%USERPROFILE%\AppData\Local\Microsoft\WindowsApps;;C:\Program Files\Docker Toolbox;C:\Users\ADRIANJOSE\Desktop\programas\eclipse-jee-mars-2\eclipse;;."/>
    <property name="surefire.test.class.path" value="C:\Users\ADRIANJOSE\workspace101\sadi.common\target\test-classes;C:\Users\ADRIANJOSE\workspace101\sadi.common\target\classes;C:\Users\ADRIANJOSE\.m2\repository\org\slf4j\slf4j-api\1.7.12\slf4j-api-1.7.12.jar;C:\Users\ADRIANJOSE\.m2\repository\org\slf4j\slf4j-log4j12\1.7.12\slf4j-log4j12-1.7.12.jar;C:\Users\ADRIANJOSE\.m2\repository\log4j\log4j\1.2.17\log4j-1.2.17.jar;C:\Users\ADRIANJOSE\.m2\repository\commons-lang\commons-lang\2.4\commons-lang-2.4.jar;C:\Users\ADRIANJOSE\.m2\repository\commons-configuration\commons-configuration\1.5\commons-configuration-1.5.jar;C:\Users\ADRIANJOSE\.m2\repository\commons-collections\commons-collections\3.2\commons-collections-3.2.jar;C:\Users\ADRIANJOSE\.m2\repository\commons-logging\commons-logging\1.1\commons-logging-1.1.jar;C:\Users\ADRIANJOSE\.m2\repository\logkit\logkit\1.0.1\logkit-1.0.1.jar;C:\Users\ADRIANJOSE\.m2\repository\avalon-framework\avalon-framework\4.1.3\avalon-framework-4.1.3.jar;C:\Users\ADRIANJOSE\.m2\repository\javax\servlet\servlet-api\2.3\servlet-api-2.3.jar;C:\Users\ADRIANJOSE\.m2\repository\commons-digester\commons-digester\1.8\commons-digester-1.8.jar;C:\Users\ADRIANJOSE\.m2\repository\commons-beanutils\commons-beanutils-core\1.7.0\commons-beanutils-core-1.7.0.jar;C:\Users\ADRIANJOSE\.m2\repository\commons-io\commons-io\2.0.1\commons-io-2.0.1.jar;C:\Users\ADRIANJOSE\.m2\repository\commons-validator\commons-validator\1.3.1\commons-validator-1.3.1.jar;C:\Users\ADRIANJOSE\.m2\repository\commons-beanutils\commons-beanutils\1.7.0\commons-beanutils-1.7.0.jar;C:\Users\ADRIANJOSE\.m2\repository\oro\oro\2.0.8\oro-2.0.8.jar;C:\Users\ADRIANJOSE\.m2\repository\org\apache\jena\jena-arq\3.0.1\jena-arq-3.0.1.jar;C:\Users\ADRIANJOSE\.m2\repository\org\apache\jena\jena-shaded-guava\3.0.1\jena-shaded-guava-3.0.1.jar;C:\Users\ADRIANJOSE\.m2\repository\org\apache\httpcomponents\httpclient\4.2.6\httpclient-4.2.6.jar;C:\Users\ADRIANJOSE\.m2\repository\org\apache\httpcomponents\httpcore\4.2.5\httpcore-4.2.5.jar;C:\Users\ADRIANJOSE\.m2\repository\commons-codec\commons-codec\1.6\commons-codec-1.6.jar;C:\Users\ADRIANJOSE\.m2\repository\com\github\jsonld-java\jsonld-java\0.7.0\jsonld-java-0.7.0.jar;C:\Users\ADRIANJOSE\.m2\repository\com\fasterxml\jackson\core\jackson-core\2.3.3\jackson-core-2.3.3.jar;C:\Users\ADRIANJOSE\.m2\repository\com\fasterxml\jackson\core\jackson-databind\2.3.3\jackson-databind-2.3.3.jar;C:\Users\ADRIANJOSE\.m2\repository\com\fasterxml\jackson\core\jackson-annotations\2.3.0\jackson-annotations-2.3.0.jar;C:\Users\ADRIANJOSE\.m2\repository\org\apache\httpcomponents\httpclient-cache\4.2.6\httpclient-cache-4.2.6.jar;C:\Users\ADRIANJOSE\.m2\repository\org\apache\thrift\libthrift\0.9.2\libthrift-0.9.2.jar;C:\Users\ADRIANJOSE\.m2\repository\org\slf4j\jcl-over-slf4j\1.7.12\jcl-over-slf4j-1.7.12.jar;C:\Users\ADRIANJOSE\.m2\repository\org\apache\commons\commons-csv\1.0\commons-csv-1.0.jar;C:\Users\ADRIANJOSE\.m2\repository\org\apache\commons\commons-lang3\3.3.2\commons-lang3-3.3.2.jar;C:\Users\ADRIANJOSE\.m2\repository\org\apache\jena\jena-base\3.0.1\jena-base-3.0.1.jar;C:\Users\ADRIANJOSE\.m2\repository\com\github\andrewoma\dexx\dexx-collections\0.2\dexx-collections-0.2.jar;C:\Users\ADRIANJOSE\.m2\repository\org\apache\jena\jena-core\3.0.1\jena-core-3.0.1.jar;C:\Users\ADRIANJOSE\.m2\repository\org\apache\jena\jena-iri\3.0.1\jena-iri-3.0.1.jar;C:\Users\ADRIANJOSE\.m2\repository\xerces\xercesImpl\2.11.0\xercesImpl-2.11.0.jar;C:\Users\ADRIANJOSE\.m2\repository\xml-apis\xml-apis\1.4.01\xml-apis-1.4.01.jar;C:\Users\ADRIANJOSE\.m2\repository\commons-cli\commons-cli\1.3\commons-cli-1.3.jar;C:\Users\ADRIANJOSE\.m2\repository\org\apache\jena\jena-TDB\3.0.1\jena-TDB-3.0.1.jar;C:\Users\ADRIANJOSE\.m2\repository\ca\elmonline\elmutils\0.1.3\elmutils-0.1.3.jar;C:\Users\ADRIANJOSE\.m2\repository\stringtree\stringtree-json\2.0.9\stringtree-json-2.0.9.jar;C:\Users\ADRIANJOSE\.m2\repository\org\codehaus\jackson\jackson-mapper-asl\0.9.8\jackson-mapper-asl-0.9.8.jar;C:\Users\ADRIANJOSE\.m2\repository\org\codehaus\jackson\jackson-core-asl\0.9.8\jackson-core-asl-0.9.8.jar;C:\Users\ADRIANJOSE\.m2\repository\junit\junit\4.1\junit-4.1.jar;"/>
    <property name="java.specification.name" value="Java Platform API Specification"/>
    <property name="java.class.version" value="52.0"/>
    <property name="sun.management.compiler" value="HotSpot 64-Bit Tiered Compilers"/>
    <property name="os.version" value="10.0"/>
    <property name="user.home" value="C:\Users\ADRIANJOSE"/>
    <property name="user.timezone" value="Europe/Paris"/>
    <property name="java.awt.printerjob" value="sun.awt.windows.WPrinterJob"/>
    <property name="java.specification.version" value="1.8"/>
    <property name="file.encoding" value="Cp1252"/>
    <property name="user.name" value="ADRIANJOSE"/>
    <property name="java.class.path" value="C:\Users\ADRIANJOSE\workspace101\sadi.common\target\test-classes;C:\Users\ADRIANJOSE\workspace101\sadi.common\target\classes;C:\Users\ADRIANJOSE\.m2\repository\org\slf4j\slf4j-api\1.7.12\slf4j-api-1.7.12.jar;C:\Users\ADRIANJOSE\.m2\repository\org\slf4j\slf4j-log4j12\1.7.12\slf4j-log4j12-1.7.12.jar;C:\Users\ADRIANJOSE\.m2\repository\log4j\log4j\1.2.17\log4j-1.2.17.jar;C:\Users\ADRIANJOSE\.m2\repository\commons-lang\commons-lang\2.4\commons-lang-2.4.jar;C:\Users\ADRIANJOSE\.m2\repository\commons-configuration\commons-configuration\1.5\commons-configuration-1.5.jar;C:\Users\ADRIANJOSE\.m2\repository\commons-collections\commons-collections\3.2\commons-collections-3.2.jar;C:\Users\ADRIANJOSE\.m2\repository\commons-logging\commons-logging\1.1\commons-logging-1.1.jar;C:\Users\ADRIANJOSE\.m2\repository\logkit\logkit\1.0.1\logkit-1.0.1.jar;C:\Users\ADRIANJOSE\.m2\repository\avalon-framework\avalon-framework\4.1.3\avalon-framework-4.1.3.jar;C:\Users\ADRIANJOSE\.m2\repository\javax\servlet\servlet-api\2.3\servlet-api-2.3.jar;C:\Users\ADRIANJOSE\.m2\repository\commons-digester\commons-digester\1.8\commons-digester-1.8.jar;C:\Users\ADRIANJOSE\.m2\repository\commons-beanutils\commons-beanutils-core\1.7.0\commons-beanutils-core-1.7.0.jar;C:\Users\ADRIANJOSE\.m2\repository\commons-io\commons-io\2.0.1\commons-io-2.0.1.jar;C:\Users\ADRIANJOSE\.m2\repository\commons-validator\commons-validator\1.3.1\commons-validator-1.3.1.jar;C:\Users\ADRIANJOSE\.m2\repository\commons-beanutils\commons-beanutils\1.7.0\commons-beanutils-1.7.0.jar;C:\Users\ADRIANJOSE\.m2\repository\oro\oro\2.0.8\oro-2.0.8.jar;C:\Users\ADRIANJOSE\.m2\repository\org\apache\jena\jena-arq\3.0.1\jena-arq-3.0.1.jar;C:\Users\ADRIANJOSE\.m2\repository\org\apache\jena\jena-shaded-guava\3.0.1\jena-shaded-guava-3.0.1.jar;C:\Users\ADRIANJOSE\.m2\repository\org\apache\httpcomponents\httpclient\4.2.6\httpclient-4.2.6.jar;C:\Users\ADRIANJOSE\.m2\repository\org\apache\httpcomponents\httpcore\4.2.5\httpcore-4.2.5.jar;C:\Users\ADRIANJOSE\.m2\repository\commons-codec\commons-codec\1.6\commons-codec-1.6.jar;C:\Users\ADRIANJOSE\.m2\repository\com\github\jsonld-java\jsonld-java\0.7.0\jsonld-java-0.7.0.jar;C:\Users\ADRIANJOSE\.m2\repository\com\fasterxml\jackson\core\jackson-core\2.3.3\jackson-core-2.3.3.jar;C:\Users\ADRIANJOSE\.m2\repository\com\fasterxml\jackson\core\jackson-databind\2.3.3\jackson-databind-2.3.3.jar;C:\Users\ADRIANJOSE\.m2\repository\com\fasterxml\jackson\core\jackson-annotations\2.3.0\jackson-annotations-2.3.0.jar;C:\Users\ADRIANJOSE\.m2\repository\org\apache\httpcomponents\httpclient-cache\4.2.6\httpclient-cache-4.2.6.jar;C:\Users\ADRIANJOSE\.m2\repository\org\apache\thrift\libthrift\0.9.2\libthrift-0.9.2.jar;C:\Users\ADRIANJOSE\.m2\repository\org\slf4j\jcl-over-slf4j\1.7.12\jcl-over-slf4j-1.7.12.jar;C:\Users\ADRIANJOSE\.m2\repository\org\apache\commons\commons-csv\1.0\commons-csv-1.0.jar;C:\Users\ADRIANJOSE\.m2\repository\org\apache\commons\commons-lang3\3.3.2\commons-lang3-3.3.2.jar;C:\Users\ADRIANJOSE\.m2\repository\org\apache\jena\jena-base\3.0.1\jena-base-3.0.1.jar;C:\Users\ADRIANJOSE\.m2\repository\com\github\andrewoma\dexx\dexx-collections\0.2\dexx-collections-0.2.jar;C:\Users\ADRIANJOSE\.m2\repository\org\apache\jena\jena-core\3.0.1\jena-core-3.0.1.jar;C:\Users\ADRIANJOSE\.m2\repository\org\apache\jena\jena-iri\3.0.1\jena-iri-3.0.1.jar;C:\Users\ADRIANJOSE\.m2\repository\xerces\xercesImpl\2.11.0\xercesImpl-2.11.0.jar;C:\Users\ADRIANJOSE\.m2\repository\xml-apis\xml-apis\1.4.01\xml-apis-1.4.01.jar;C:\Users\ADRIANJOSE\.m2\repository\commons-cli\commons-cli\1.3\commons-cli-1.3.jar;C:\Users\ADRIANJOSE\.m2\repository\org\apache\jena\jena-TDB\3.0.1\jena-TDB-3.0.1.jar;C:\Users\ADRIANJOSE\.m2\repository\ca\elmonline\elmutils\0.1.3\elmutils-0.1.3.jar;C:\Users\ADRIANJOSE\.m2\repository\stringtree\stringtree-json\2.0.9\stringtree-json-2.0.9.jar;C:\Users\ADRIANJOSE\.m2\repository\org\codehaus\jackson\jackson-mapper-asl\0.9.8\jackson-mapper-asl-0.9.8.jar;C:\Users\ADRIANJOSE\.m2\repository\org\codehaus\jackson\jackson-core-asl\0.9.8\jackson-core-asl-0.9.8.jar;C:\Users\ADRIANJOSE\.m2\repository\junit\junit\4.1\junit-4.1.jar;"/>
    <property name="java.vm.specification.version" value="1.8"/>
    <property name="sun.arch.data.model" value="64"/>
    <property name="java.home" value="C:\Program Files\Java\jdk1.8.0_72\jre"/>
    <property name="sun.java.command" value="C:\Users\ADRIANJOSE\workspace101\sadi.common\target\surefire\surefirebooter6647796143519997734.jar C:\Users\ADRIANJOSE\workspace101\sadi.common\target\surefire\surefire8099779472247341167tmp C:\Users\ADRIANJOSE\workspace101\sadi.common\target\surefire\surefire7934814901508467828tmp"/>
    <property name="java.specification.vendor" value="Oracle Corporation"/>
    <property name="user.language" value="es"/>
    <property name="awt.toolkit" value="sun.awt.windows.WToolkit"/>
    <property name="java.vm.info" value="mixed mode"/>
    <property name="java.version" value="1.8.0_72"/>
    <property name="java.ext.dirs" value="C:\Program Files\Java\jdk1.8.0_72\jre\lib\ext;C:\WINDOWS\Sun\Java\lib\ext"/>
    <property name="sun.boot.class.path" value="C:\Program Files\Java\jdk1.8.0_72\jre\lib\resources.jar;C:\Program Files\Java\jdk1.8.0_72\jre\lib\rt.jar;C:\Program Files\Java\jdk1.8.0_72\jre\lib\sunrsasign.jar;C:\Program Files\Java\jdk1.8.0_72\jre\lib\jsse.jar;C:\Program Files\Java\jdk1.8.0_72\jre\lib\jce.jar;C:\Program Files\Java\jdk1.8.0_72\jre\lib\charsets.jar;C:\Program Files\Java\jdk1.8.0_72\jre\lib\jfr.jar;C:\Program Files\Java\jdk1.8.0_72\jre\classes"/>
    <property name="java.vendor" value="Oracle Corporation"/>
    <property name="localRepository" value="C:\Users\ADRIANJOSE\.m2\repository"/>
    <property name="file.separator" value="\"/>
    <property name="java.vendor.url.bug" value="http://bugreport.sun.com/bugreport/"/>
    <property name="sun.cpu.endian" value="little"/>
    <property name="sun.io.unicode.encoding" value="UnicodeLittle"/>
    <property name="sun.desktop" value="windows"/>
    <property name="sun.cpu.isalist" value="amd64"/>
  </properties>
  <testcase classname="org.sadiframework.service.ontology.MyGridServiceOntologyHelperTest" name="testCreateServiceNode" time="0.028"/>
  <testcase classname="org.sadiframework.service.ontology.MyGridServiceOntologyHelperTest" name="testGetServiceDescription" time="0.005"/>
</testsuite>