<?xml version="1.0" encoding="UTF-8" ?>
<testsuite tests="1" failures="0" name="org.sadiframework.client.ConfigTest" time="0.204" errors="1" skipped="0">
  <properties>
    <property name="java.runtime.name" value="Java(TM) SE Runtime Environment"/>
    <property name="sun.boot.library.path" value="C:\Program Files\Java\jdk1.8.0_72\jre\bin"/>
    <property name="java.vm.version" value="25.72-b15"/>
    <property name="java.vm.vendor" value="Oracle Corporation"/>
    <property name="java.vendor.url" value="http://java.oracle.com/"/>
    <property name="path.separator" value=";"/>
    <property name="java.vm.name" value="Java HotSpot(TM) 64-Bit Server VM"/>
    <property name="file.encoding.pkg" value="sun.io"/>
    <property name="user.script" value=""/>
    <property name="user.country" value="ES"/>
    <property name="sun.java.launcher" value="SUN_STANDARD"/>
    <property name="sun.os.patch.level" value=""/>
    <property name="java.vm.specification.name" value="Java Virtual Machine Specification"/>
    <property name="user.dir" value="C:\Users\ADRIANJOSE\workspace101\sadi.client"/>
    <property name="java.runtime.version" value="1.8.0_72-b15"/>
    <property name="java.awt.graphicsenv" value="sun.awt.Win32GraphicsEnvironment"/>
    <property name="basedir" value="C:\Users\ADRIANJOSE\workspace101\sadi.client"/>
    <property name="java.endorsed.dirs" value="C:\Program Files\Java\jdk1.8.0_72\jre\lib\endorsed"/>
    <property name="os.arch" value="amd64"/>
    <property name="surefire.real.class.path" value="C:\Users\ADRIANJOSE\workspace101\sadi.client\target\surefire\surefirebooter1945857187280839333.jar"/>
    <property name="java.io.tmpdir" value="C:\Users\ADRIAN~1\AppData\Local\Temp\"/>
    <property name="line.separator" value="
"/>
    <property name="java.vm.specification.vendor" value="Oracle Corporation"/>
    <property name="user.variant" value=""/>
    <property name="os.name" value="Windows 10"/>
    <property name="sun.jnu.encoding" value="Cp1252"/>
    <property name="java.library.path" value="C:\Program Files\Java\jdk1.8.0_72\jre\bin;C:\WINDOWS\Sun\Java\bin;C:\WINDOWS\system32;C:\WINDOWS;C:/Program Files/Java/jre1.8.0_72/bin/server;C:/Program Files/Java/jre1.8.0_72/bin;C:/Program Files/Java/jre1.8.0_72/lib/amd64;C:\ProgramData\Oracle\Java\javapath;C:\Program Files (x86)\AMD APP\bin\x86_64;C:\Program Files (x86)\AMD APP\bin\x86;C:\Program Files (x86)\Intel\iCLS Client\;C:\Program Files\Intel\iCLS Client\;C:\WINDOWS\system32;C:\WINDOWS;C:\WINDOWS\System32\Wbem;C:\WINDOWS\System32\WindowsPowerShell\v1.0\;C:\Program Files\Intel\Intel(R) Management Engine Components\DAL;C:\Program Files\Intel\Intel(R) Management Engine Components\IPT;C:\Program Files (x86)\Intel\Intel(R) Management Engine Components\DAL;C:\Program Files (x86)\Intel\Intel(R) Management Engine Components\IPT;C:\Program Files (x86)\ATI Technologies\ATI.ACE\Core-Static;C:\Program Files (x86)\Windows Live\Shared;C:\Program Files (x86)\Universal Extractor;C:\Program Files (x86)\Universal Extractor\bin;C:\Program Files (x86)\QuickTime\QTSystem\;C:\Program Files\Java\jdk1.7.0_45\bin;C:\Program Files\Microsoft SQL Server\110\Tools\Binn\;C:\Program Files (x86)\VisualSVN\bin;C:\Program Files\TortoiseSVN\bin;C:\Program Files (x86)\Windows Kits\8.1\Windows Performance Toolkit\;C:\Program Files (x86)\Microsoft SDKs\TypeScript\1.0\;C:\Program Files (x86)\MKVToolNix;C:\Program Files\Git\cmd;C:\Program Files\Distelli;c:\jruby-9.1.2.0\bin;C:\Ruby22-x64\bin;C:\Program Files (x86)\Nmap;C:\Program Files\apache-maven-3.3.9\bin;%USERPROFILE%\AppData\Local\Microsoft\WindowsApps;;C:\Program Files\Docker Toolbox;C:\Users\ADRIANJOSE\Desktop\programas\eclipse-jee-mars-2\eclipse;;."/>
    <property name="surefire.test.class.path" value="C:\Users\ADRIANJOSE\workspace101\sadi.client\target\test-classes;C:\Users\ADRIANJOSE\workspace101\sadi.client\target\classes;C:\Users\ADRIANJOSE\.m2\repository\org\sadiframework\sadi-common\0.3.1-SNAPSHOT\sadi-common-0.3.1-SNAPSHOT.jar;C:\Users\ADRIANJOSE\.m2\repository\org\slf4j\slf4j-api\1.5.8\slf4j-api-1.5.8.jar;C:\Users\ADRIANJOSE\.m2\repository\commons-lang\commons-lang\2.4\commons-lang-2.4.jar;C:\Users\ADRIANJOSE\.m2\repository\commons-configuration\commons-configuration\1.5\commons-configuration-1.5.jar;C:\Users\ADRIANJOSE\.m2\repository\commons-collections\commons-collections\3.2\commons-collections-3.2.jar;C:\Users\ADRIANJOSE\.m2\repository\commons-digester\commons-digester\1.8\commons-digester-1.8.jar;C:\Users\ADRIANJOSE\.m2\repository\commons-beanutils\commons-beanutils-core\1.7.0\commons-beanutils-core-1.7.0.jar;C:\Users\ADRIANJOSE\.m2\repository\commons-io\commons-io\2.0.1\commons-io-2.0.1.jar;C:\Users\ADRIANJOSE\.m2\repository\commons-validator\commons-validator\1.3.1\commons-validator-1.3.1.jar;C:\Users\ADRIANJOSE\.m2\repository\commons-beanutils\commons-beanutils\1.7.0\commons-beanutils-1.7.0.jar;C:\Users\ADRIANJOSE\.m2\repository\oro\oro\2.0.8\oro-2.0.8.jar;C:\Users\ADRIANJOSE\.m2\repository\org\apache\httpcomponents\httpclient\4.1.2\httpclient-4.1.2.jar;C:\Users\ADRIANJOSE\.m2\repository\org\apache\httpcomponents\httpcore\4.1.2\httpcore-4.1.2.jar;C:\Users\ADRIANJOSE\.m2\repository\commons-codec\commons-codec\1.4\commons-codec-1.4.jar;C:\Users\ADRIANJOSE\.m2\repository\com\hp\hpl\jena\jena\2.6.3\jena-2.6.3.jar;C:\Users\ADRIANJOSE\.m2\repository\com\hp\hpl\jena\iri\0.8\iri-0.8.jar;C:\Users\ADRIANJOSE\.m2\repository\com\hp\hpl\jena\iri\0.8\iri-0.8-sources.jar;C:\Users\ADRIANJOSE\.m2\repository\org\slf4j\slf4j-log4j12\1.5.8\slf4j-log4j12-1.5.8.jar;C:\Users\ADRIANJOSE\.m2\repository\com\hp\hpl\jena\arq\2.8.4\arq-2.8.4.jar;C:\Users\ADRIANJOSE\.m2\repository\com\hp\hpl\jena\jena\2.6.3\jena-2.6.3-sources.jar;C:\Users\ADRIANJOSE\.m2\repository\com\hp\hpl\jena\jena\2.6.3\jena-2.6.3-test-sources.jar;C:\Users\ADRIANJOSE\.m2\repository\org\codehaus\woodstox\wstx-asl\3.2.9\wstx-asl-3.2.9.jar;C:\Users\ADRIANJOSE\.m2\repository\stax\stax-api\1.0.1\stax-api-1.0.1.jar;C:\Users\ADRIANJOSE\.m2\repository\org\apache\lucene\lucene-core\2.3.1\lucene-core-2.3.1.jar;C:\Users\ADRIANJOSE\.m2\repository\org\codehaus\jackson\jackson-mapper-asl\0.9.8\jackson-mapper-asl-0.9.8.jar;C:\Users\ADRIANJOSE\.m2\repository\org\codehaus\jackson\jackson-core-asl\0.9.8\jackson-core-asl-0.9.8.jar;C:\Users\ADRIANJOSE\.m2\repository\org\reflections\reflections\0.9.5\reflections-0.9.5.jar;C:\Users\ADRIANJOSE\.m2\repository\com\google\guava\guava\r08\guava-r08.jar;C:\Users\ADRIANJOSE\.m2\repository\javassist\javassist\3.12.1.GA\javassist-3.12.1.GA.jar;C:\Users\ADRIANJOSE\.m2\repository\dom4j\dom4j\1.6.1\dom4j-1.6.1.jar;C:\Users\ADRIANJOSE\.m2\repository\xml-apis\xml-apis\1.0.b2\xml-apis-1.0.b2.jar;C:\Users\ADRIANJOSE\.m2\repository\org\biomoby\jmoby\1.1.1\jmoby-1.1.1.jar;C:\Users\ADRIANJOSE\.m2\repository\org\apache\axis\axis\1.4\axis-1.4.jar;C:\Users\ADRIANJOSE\.m2\repository\org\apache\axis\axis-ant\1.4\axis-ant-1.4.jar;C:\Users\ADRIANJOSE\.m2\repository\wsdl4j\wsdl4j\1.5.1\wsdl4j-1.5.1.jar;C:\Users\ADRIANJOSE\.m2\repository\javax\mail\mail\1.4\mail-1.4.jar;C:\Users\ADRIANJOSE\.m2\repository\javax\activation\activation\1.1\activation-1.1.jar;C:\Users\ADRIANJOSE\.m2\repository\log4j\log4j\1.2.14\log4j-1.2.14.jar;C:\Users\ADRIANJOSE\.m2\repository\commons-discovery\commons-discovery\0.4\commons-discovery-0.4.jar;C:\Users\ADRIANJOSE\.m2\repository\commons-logging\commons-logging\1.1\commons-logging-1.1.jar;C:\Users\ADRIANJOSE\.m2\repository\logkit\logkit\1.0.1\logkit-1.0.1.jar;C:\Users\ADRIANJOSE\.m2\repository\avalon-framework\avalon-framework\4.1.3\avalon-framework-4.1.3.jar;C:\Users\ADRIANJOSE\.m2\repository\commons-httpclient\commons-httpclient\3.1\commons-httpclient-3.1.jar;C:\Users\ADRIANJOSE\.m2\repository\javax\sql\jdbc-stdext\2.0\jdbc-stdext-2.0.jar;C:\Users\ADRIANJOSE\.m2\repository\commons-dbcp\commons-dbcp\1.1\commons-dbcp-1.1.jar;C:\Users\ADRIANJOSE\.m2\repository\commons-pool\commons-pool\1.1\commons-pool-1.1.jar;C:\Users\ADRIANJOSE\.m2\repository\castor\castor\0.9.5\castor-0.9.5.jar;C:\Users\ADRIANJOSE\.m2\repository\edu\mit\lcs\haystack\adenine\2003\adenine-2003.jar;C:\Users\ADRIANJOSE\.m2\repository\xerces\xercesImpl\2.7.1\xercesImpl-2.7.1.jar;C:\Users\ADRIANJOSE\.m2\repository\com\ibm\lsid\lsid-server\1.1.2\lsid-server-1.1.2.jar;C:\Users\ADRIANJOSE\.m2\repository\com\ibm\lsid\lsid-client\1.1.2\lsid-client-1.1.2.jar;C:\Users\ADRIANJOSE\.m2\repository\org\xbill\dnsjava\2003\dnsjava-2003.jar;C:\Users\ADRIANJOSE\.m2\repository\com\sun\xml\ws\jaxws-tools\2.1.3\jaxws-tools-2.1.3.jar;C:\Users\ADRIANJOSE\.m2\repository\com\sun\xml\ws\jaxws-rt\2.1.3\jaxws-rt-2.1.3.jar;C:\Users\ADRIANJOSE\.m2\repository\javax\xml\ws\jaxws-api\2.1\jaxws-api-2.1.jar;C:\Users\ADRIANJOSE\.m2\repository\com\sun\xml\bind\jaxb-impl\2.1.6\jaxb-impl-2.1.6.jar;C:\Users\ADRIANJOSE\.m2\repository\com\sun\xml\messaging\saaj\saaj-impl\1.3\saaj-impl-1.3.jar;C:\Users\ADRIANJOSE\.m2\repository\javax\xml\soap\saaj-api\1.3\saaj-api-1.3.jar;C:\Users\ADRIANJOSE\.m2\repository\com\sun\xml\stream\buffer\streambuffer\0.7\streambuffer-0.7.jar;C:\Users\ADRIANJOSE\.m2\repository\com\sun\xml\stream\sjsxp\1.0\sjsxp-1.0.jar;C:\Users\ADRIANJOSE\.m2\repository\com\sun\org\apache\xml\internal\resolver\20050927\resolver-20050927.jar;C:\Users\ADRIANJOSE\.m2\repository\org\jvnet\mimepull\1.1\mimepull-1.1.jar;C:\Users\ADRIANJOSE\.m2\repository\com\sun\xml\bind\jaxb-xjc\2.1.6\jaxb-xjc-2.1.6.jar;C:\Users\ADRIANJOSE\.m2\repository\jdom\jdom\1.0\jdom-1.0.jar;C:\Users\ADRIANJOSE\.m2\repository\javax\xml\bind\jaxb-api\2.1\jaxb-api-2.1.jar;C:\Users\ADRIANJOSE\.m2\repository\javax\xml\stream\stax-api\1.0-2\stax-api-1.0-2.jar;C:\Users\ADRIANJOSE\.m2\repository\javax\xml\jaxb-impl\2.0EA3\jaxb-impl-2.0EA3.jar;C:\Users\ADRIANJOSE\.m2\repository\javax\xml\jaxb-xjc\2.0EA3\jaxb-xjc-2.0EA3.jar;C:\Users\ADRIANJOSE\.m2\repository\jaxen\jaxen\1.1.1\jaxen-1.1.1.jar;C:\Users\ADRIANJOSE\.m2\repository\xom\xom\1.0\xom-1.0.jar;C:\Users\ADRIANJOSE\.m2\repository\xerces\xmlParserAPIs\2.6.2\xmlParserAPIs-2.6.2.jar;C:\Users\ADRIANJOSE\.m2\repository\xalan\xalan\2.6.0\xalan-2.6.0.jar;C:\Users\ADRIANJOSE\.m2\repository\javax\xml\jaxrpc-api\1.1\jaxrpc-api-1.1.jar;C:\Users\ADRIANJOSE\.m2\repository\com\toedter\jcalendar\2004\jcalendar-2004.jar;C:\Users\ADRIANJOSE\.m2\repository\com\artofsolving\jodconverter\2.2.1\jodconverter-2.2.1.jar;C:\Users\ADRIANJOSE\.m2\repository\org\openoffice\ridl\2.3.0\ridl-2.3.0.jar;C:\Users\ADRIANJOSE\.m2\repository\org\openoffice\unoil\2.3.0\unoil-2.3.0.jar;C:\Users\ADRIANJOSE\.m2\repository\com\sun\net\httpserver\http\20070405\http-20070405.jar;C:\Users\ADRIANJOSE\.m2\repository\com\ibm\icu\icu4j\3.8\icu4j-3.8.jar;C:\Users\ADRIANJOSE\.m2\repository\org\cgiar\icis\icis-pedigree\2006\icis-pedigree-2006.jar;C:\Users\ADRIANJOSE\.m2\repository\javax\jws\jsr181-api\1.0-MR1\jsr181-api-1.0-MR1.jar;C:\Users\ADRIANJOSE\.m2\repository\javax\annotation\jsr250-api\1.0\jsr250-api-1.0.jar;C:\Users\ADRIANJOSE\.m2\repository\org\openoffice\juh\2.3.1\juh-2.3.1.jar;C:\Users\ADRIANJOSE\.m2\repository\org\openoffice\jurt\2.3.1\jurt-2.3.1.jar;C:\Users\ADRIANJOSE\.m2\repository\mysql\mysql-connector-java\3.1.14\mysql-connector-java-3.1.14.jar;C:\Users\ADRIANJOSE\.m2\repository\org\biomoby\taverna-for-moby\2004\taverna-for-moby-2004.jar;C:\Users\ADRIANJOSE\.m2\repository\org\tulsoft\alltools\2.1.1\alltools-2.1.1.jar;C:\Users\ADRIANJOSE\.m2\repository\org\apache\axis\axis-jaxrpc\1.4\axis-jaxrpc-1.4.jar;C:\Users\ADRIANJOSE\.m2\repository\org\apache\axis\axis-saaj\1.4\axis-saaj-1.4.jar;C:\Users\ADRIANJOSE\.m2\repository\org\apache\ant\ant\1.7.0\ant-1.7.0.jar;C:\Users\ADRIANJOSE\.m2\repository\org\apache\ant\ant-launcher\1.7.0\ant-launcher-1.7.0.jar;C:\Users\ADRIANJOSE\.m2\repository\org\apache\ant\ant-nodeps\1.7.0\ant-nodeps-1.7.0.jar;C:\Users\ADRIANJOSE\.m2\repository\ant-contrib\ant-contrib\1.0b2\ant-contrib-1.0b2.jar;C:\Users\ADRIANJOSE\.m2\repository\junit\junit\4.1\junit-4.1.jar;"/>
    <property name="java.specification.name" value="Java Platform API Specification"/>
    <property name="java.class.version" value="52.0"/>
    <property name="sun.management.compiler" value="HotSpot 64-Bit Tiered Compilers"/>
    <property name="os.version" value="10.0"/>
    <property name="user.home" value="C:\Users\ADRIANJOSE"/>
    <property name="user.timezone" value="Europe/Paris"/>
    <property name="java.awt.printerjob" value="sun.awt.windows.WPrinterJob"/>
    <property name="java.specification.version" value="1.8"/>
    <property name="file.encoding" value="Cp1252"/>
    <property name="user.name" value="ADRIANJOSE"/>
    <property name="java.class.path" value="C:\Users\ADRIANJOSE\workspace101\sadi.client\target\test-classes;C:\Users\ADRIANJOSE\workspace101\sadi.client\target\classes;C:\Users\ADRIANJOSE\.m2\repository\org\sadiframework\sadi-common\0.3.1-SNAPSHOT\sadi-common-0.3.1-SNAPSHOT.jar;C:\Users\ADRIANJOSE\.m2\repository\org\slf4j\slf4j-api\1.5.8\slf4j-api-1.5.8.jar;C:\Users\ADRIANJOSE\.m2\repository\commons-lang\commons-lang\2.4\commons-lang-2.4.jar;C:\Users\ADRIANJOSE\.m2\repository\commons-configuration\commons-configuration\1.5\commons-configuration-1.5.jar;C:\Users\ADRIANJOSE\.m2\repository\commons-collections\commons-collections\3.2\commons-collections-3.2.jar;C:\Users\ADRIANJOSE\.m2\repository\commons-digester\commons-digester\1.8\commons-digester-1.8.jar;C:\Users\ADRIANJOSE\.m2\repository\commons-beanutils\commons-beanutils-core\1.7.0\commons-beanutils-core-1.7.0.jar;C:\Users\ADRIANJOSE\.m2\repository\commons-io\commons-io\2.0.1\commons-io-2.0.1.jar;C:\Users\ADRIANJOSE\.m2\repository\commons-validator\commons-validator\1.3.1\commons-validator-1.3.1.jar;C:\Users\ADRIANJOSE\.m2\repository\commons-beanutils\commons-beanutils\1.7.0\commons-beanutils-1.7.0.jar;C:\Users\ADRIANJOSE\.m2\repository\oro\oro\2.0.8\oro-2.0.8.jar;C:\Users\ADRIANJOSE\.m2\repository\org\apache\httpcomponents\httpclient\4.1.2\httpclient-4.1.2.jar;C:\Users\ADRIANJOSE\.m2\repository\org\apache\httpcomponents\httpcore\4.1.2\httpcore-4.1.2.jar;C:\Users\ADRIANJOSE\.m2\repository\commons-codec\commons-codec\1.4\commons-codec-1.4.jar;C:\Users\ADRIANJOSE\.m2\repository\com\hp\hpl\jena\jena\2.6.3\jena-2.6.3.jar;C:\Users\ADRIANJOSE\.m2\repository\com\hp\hpl\jena\iri\0.8\iri-0.8.jar;C:\Users\ADRIANJOSE\.m2\repository\com\hp\hpl\jena\iri\0.8\iri-0.8-sources.jar;C:\Users\ADRIANJOSE\.m2\repository\org\slf4j\slf4j-log4j12\1.5.8\slf4j-log4j12-1.5.8.jar;C:\Users\ADRIANJOSE\.m2\repository\com\hp\hpl\jena\arq\2.8.4\arq-2.8.4.jar;C:\Users\ADRIANJOSE\.m2\repository\com\hp\hpl\jena\jena\2.6.3\jena-2.6.3-sources.jar;C:\Users\ADRIANJOSE\.m2\repository\com\hp\hpl\jena\jena\2.6.3\jena-2.6.3-test-sources.jar;C:\Users\ADRIANJOSE\.m2\repository\org\codehaus\woodstox\wstx-asl\3.2.9\wstx-asl-3.2.9.jar;C:\Users\ADRIANJOSE\.m2\repository\stax\stax-api\1.0.1\stax-api-1.0.1.jar;C:\Users\ADRIANJOSE\.m2\repository\org\apache\lucene\lucene-core\2.3.1\lucene-core-2.3.1.jar;C:\Users\ADRIANJOSE\.m2\repository\org\codehaus\jackson\jackson-mapper-asl\0.9.8\jackson-mapper-asl-0.9.8.jar;C:\Users\ADRIANJOSE\.m2\repository\org\codehaus\jackson\jackson-core-asl\0.9.8\jackson-core-asl-0.9.8.jar;C:\Users\ADRIANJOSE\.m2\repository\org\reflections\reflections\0.9.5\reflections-0.9.5.jar;C:\Users\ADRIANJOSE\.m2\repository\com\google\guava\guava\r08\guava-r08.jar;C:\Users\ADRIANJOSE\.m2\repository\javassist\javassist\3.12.1.GA\javassist-3.12.1.GA.jar;C:\Users\ADRIANJOSE\.m2\repository\dom4j\dom4j\1.6.1\dom4j-1.6.1.jar;C:\Users\ADRIANJOSE\.m2\repository\xml-apis\xml-apis\1.0.b2\xml-apis-1.0.b2.jar;C:\Users\ADRIANJOSE\.m2\repository\org\biomoby\jmoby\1.1.1\jmoby-1.1.1.jar;C:\Users\ADRIANJOSE\.m2\repository\org\apache\axis\axis\1.4\axis-1.4.jar;C:\Users\ADRIANJOSE\.m2\repository\org\apache\axis\axis-ant\1.4\axis-ant-1.4.jar;C:\Users\ADRIANJOSE\.m2\repository\wsdl4j\wsdl4j\1.5.1\wsdl4j-1.5.1.jar;C:\Users\ADRIANJOSE\.m2\repository\javax\mail\mail\1.4\mail-1.4.jar;C:\Users\ADRIANJOSE\.m2\repository\javax\activation\activation\1.1\activation-1.1.jar;C:\Users\ADRIANJOSE\.m2\repository\log4j\log4j\1.2.14\log4j-1.2.14.jar;C:\Users\ADRIANJOSE\.m2\repository\commons-discovery\commons-discovery\0.4\commons-discovery-0.4.jar;C:\Users\ADRIANJOSE\.m2\repository\commons-logging\commons-logging\1.1\commons-logging-1.1.jar;C:\Users\ADRIANJOSE\.m2\repository\logkit\logkit\1.0.1\logkit-1.0.1.jar;C:\Users\ADRIANJOSE\.m2\repository\avalon-framework\avalon-framework\4.1.3\avalon-framework-4.1.3.jar;C:\Users\ADRIANJOSE\.m2\repository\commons-httpclient\commons-httpclient\3.1\commons-httpclient-3.1.jar;C:\Users\ADRIANJOSE\.m2\repository\javax\sql\jdbc-stdext\2.0\jdbc-stdext-2.0.jar;C:\Users\ADRIANJOSE\.m2\repository\commons-dbcp\commons-dbcp\1.1\commons-dbcp-1.1.jar;C:\Users\ADRIANJOSE\.m2\repository\commons-pool\commons-pool\1.1\commons-pool-1.1.jar;C:\Users\ADRIANJOSE\.m2\repository\castor\castor\0.9.5\castor-0.9.5.jar;C:\Users\ADRIANJOSE\.m2\repository\edu\mit\lcs\haystack\adenine\2003\adenine-2003.jar;C:\Users\ADRIANJOSE\.m2\repository\xerces\xercesImpl\2.7.1\xercesImpl-2.7.1.jar;C:\Users\ADRIANJOSE\.m2\repository\com\ibm\lsid\lsid-server\1.1.2\lsid-server-1.1.2.jar;C:\Users\ADRIANJOSE\.m2\repository\com\ibm\lsid\lsid-client\1.1.2\lsid-client-1.1.2.jar;C:\Users\ADRIANJOSE\.m2\repository\org\xbill\dnsjava\2003\dnsjava-2003.jar;C:\Users\ADRIANJOSE\.m2\repository\com\sun\xml\ws\jaxws-tools\2.1.3\jaxws-tools-2.1.3.jar;C:\Users\ADRIANJOSE\.m2\repository\com\sun\xml\ws\jaxws-rt\2.1.3\jaxws-rt-2.1.3.jar;C:\Users\ADRIANJOSE\.m2\repository\javax\xml\ws\jaxws-api\2.1\jaxws-api-2.1.jar;C:\Users\ADRIANJOSE\.m2\repository\com\sun\xml\bind\jaxb-impl\2.1.6\jaxb-impl-2.1.6.jar;C:\Users\ADRIANJOSE\.m2\repository\com\sun\xml\messaging\saaj\saaj-impl\1.3\saaj-impl-1.3.jar;C:\Users\ADRIANJOSE\.m2\repository\javax\xml\soap\saaj-api\1.3\saaj-api-1.3.jar;C:\Users\ADRIANJOSE\.m2\repository\com\sun\xml\stream\buffer\streambuffer\0.7\streambuffer-0.7.jar;C:\Users\ADRIANJOSE\.m2\repository\com\sun\xml\stream\sjsxp\1.0\sjsxp-1.0.jar;C:\Users\ADRIANJOSE\.m2\repository\com\sun\org\apache\xml\internal\resolver\20050927\resolver-20050927.jar;C:\Users\ADRIANJOSE\.m2\repository\org\jvnet\mimepull\1.1\mimepull-1.1.jar;C:\Users\ADRIANJOSE\.m2\repository\com\sun\xml\bind\jaxb-xjc\2.1.6\jaxb-xjc-2.1.6.jar;C:\Users\ADRIANJOSE\.m2\repository\jdom\jdom\1.0\jdom-1.0.jar;C:\Users\ADRIANJOSE\.m2\repository\javax\xml\bind\jaxb-api\2.1\jaxb-api-2.1.jar;C:\Users\ADRIANJOSE\.m2\repository\javax\xml\stream\stax-api\1.0-2\stax-api-1.0-2.jar;C:\Users\ADRIANJOSE\.m2\repository\javax\xml\jaxb-impl\2.0EA3\jaxb-impl-2.0EA3.jar;C:\Users\ADRIANJOSE\.m2\repository\javax\xml\jaxb-xjc\2.0EA3\jaxb-xjc-2.0EA3.jar;C:\Users\ADRIANJOSE\.m2\repository\jaxen\jaxen\1.1.1\jaxen-1.1.1.jar;C:\Users\ADRIANJOSE\.m2\repository\xom\xom\1.0\xom-1.0.jar;C:\Users\ADRIANJOSE\.m2\repository\xerces\xmlParserAPIs\2.6.2\xmlParserAPIs-2.6.2.jar;C:\Users\ADRIANJOSE\.m2\repository\xalan\xalan\2.6.0\xalan-2.6.0.jar;C:\Users\ADRIANJOSE\.m2\repository\javax\xml\jaxrpc-api\1.1\jaxrpc-api-1.1.jar;C:\Users\ADRIANJOSE\.m2\repository\com\toedter\jcalendar\2004\jcalendar-2004.jar;C:\Users\ADRIANJOSE\.m2\repository\com\artofsolving\jodconverter\2.2.1\jodconverter-2.2.1.jar;C:\Users\ADRIANJOSE\.m2\repository\org\openoffice\ridl\2.3.0\ridl-2.3.0.jar;C:\Users\ADRIANJOSE\.m2\repository\org\openoffice\unoil\2.3.0\unoil-2.3.0.jar;C:\Users\ADRIANJOSE\.m2\repository\com\sun\net\httpserver\http\20070405\http-20070405.jar;C:\Users\ADRIANJOSE\.m2\repository\com\ibm\icu\icu4j\3.8\icu4j-3.8.jar;C:\Users\ADRIANJOSE\.m2\repository\org\cgiar\icis\icis-pedigree\2006\icis-pedigree-2006.jar;C:\Users\ADRIANJOSE\.m2\repository\javax\jws\jsr181-api\1.0-MR1\jsr181-api-1.0-MR1.jar;C:\Users\ADRIANJOSE\.m2\repository\javax\annotation\jsr250-api\1.0\jsr250-api-1.0.jar;C:\Users\ADRIANJOSE\.m2\repository\org\openoffice\juh\2.3.1\juh-2.3.1.jar;C:\Users\ADRIANJOSE\.m2\repository\org\openoffice\jurt\2.3.1\jurt-2.3.1.jar;C:\Users\ADRIANJOSE\.m2\repository\mysql\mysql-connector-java\3.1.14\mysql-connector-java-3.1.14.jar;C:\Users\ADRIANJOSE\.m2\repository\org\biomoby\taverna-for-moby\2004\taverna-for-moby-2004.jar;C:\Users\ADRIANJOSE\.m2\repository\org\tulsoft\alltools\2.1.1\alltools-2.1.1.jar;C:\Users\ADRIANJOSE\.m2\repository\org\apache\axis\axis-jaxrpc\1.4\axis-jaxrpc-1.4.jar;C:\Users\ADRIANJOSE\.m2\repository\org\apache\axis\axis-saaj\1.4\axis-saaj-1.4.jar;C:\Users\ADRIANJOSE\.m2\repository\org\apache\ant\ant\1.7.0\ant-1.7.0.jar;C:\Users\ADRIANJOSE\.m2\repository\org\apache\ant\ant-launcher\1.7.0\ant-launcher-1.7.0.jar;C:\Users\ADRIANJOSE\.m2\repository\org\apache\ant\ant-nodeps\1.7.0\ant-nodeps-1.7.0.jar;C:\Users\ADRIANJOSE\.m2\repository\ant-contrib\ant-contrib\1.0b2\ant-contrib-1.0b2.jar;C:\Users\ADRIANJOSE\.m2\repository\junit\junit\4.1\junit-4.1.jar;"/>
    <property name="java.vm.specification.version" value="1.8"/>
    <property name="sun.arch.data.model" value="64"/>
    <property name="java.home" value="C:\Program Files\Java\jdk1.8.0_72\jre"/>
    <property name="sun.java.command" value="C:\Users\ADRIANJOSE\workspace101\sadi.client\target\surefire\surefirebooter1945857187280839333.jar C:\Users\ADRIANJOSE\workspace101\sadi.client\target\surefire\surefire2496123794009610860tmp C:\Users\ADRIANJOSE\workspace101\sadi.client\target\surefire\surefire4701266905363841209tmp"/>
    <property name="java.specification.vendor" value="Oracle Corporation"/>
    <property name="user.language" value="es"/>
    <property name="awt.toolkit" value="sun.awt.windows.WToolkit"/>
    <property name="java.vm.info" value="mixed mode"/>
    <property name="java.version" value="1.8.0_72"/>
    <property name="java.ext.dirs" value="C:\Program Files\Java\jdk1.8.0_72\jre\lib\ext;C:\WINDOWS\Sun\Java\lib\ext"/>
    <property name="sun.boot.class.path" value="C:\Program Files\Java\jdk1.8.0_72\jre\lib\resources.jar;C:\Program Files\Java\jdk1.8.0_72\jre\lib\rt.jar;C:\Program Files\Java\jdk1.8.0_72\jre\lib\sunrsasign.jar;C:\Program Files\Java\jdk1.8.0_72\jre\lib\jsse.jar;C:\Program Files\Java\jdk1.8.0_72\jre\lib\jce.jar;C:\Program Files\Java\jdk1.8.0_72\jre\lib\charsets.jar;C:\Program Files\Java\jdk1.8.0_72\jre\lib\jfr.jar;C:\Program Files\Java\jdk1.8.0_72\jre\classes"/>
    <property name="java.vendor" value="Oracle Corporation"/>
    <property name="localRepository" value="C:\Users\ADRIANJOSE\.m2\repository"/>
    <property name="file.separator" value="\"/>
    <property name="java.vendor.url.bug" value="http://bugreport.sun.com/bugreport/"/>
    <property name="sun.cpu.endian" value="little"/>
    <property name="sun.io.unicode.encoding" value="UnicodeLittle"/>
    <property name="sun.desktop" value="windows"/>
    <property name="sun.cpu.isalist" value="amd64"/>
  </properties>
  <testcase classname="org.sadiframework.client.ConfigTest" name="org.sadiframework.client.ConfigTest" time="0">
    <error message="org/apache/jena/rdf/model/Resource" type="java.lang.NoClassDefFoundError">java.lang.NoClassDefFoundError: org/apache/jena/rdf/model/Resource
	at java.lang.Class.forName0(Native Method)
	at java.lang.Class.forName(Class.java:264)
	at org.sadiframework.Config.instantiate(Config.java:128)
	at org.sadiframework.client.Config.configureRegistries(Config.java:107)
	at org.sadiframework.client.Config.&lt;init&gt;(Config.java:81)
	at org.sadiframework.client.Config.&lt;clinit&gt;(Config.java:35)
	at org.sadiframework.client.ConfigTest.setUp(ConfigTest.java:20)
	at sun.reflect.NativeMethodAccessorImpl.invoke0(Native Method)
	at sun.reflect.NativeMethodAccessorImpl.invoke(NativeMethodAccessorImpl.java:62)
	at sun.reflect.DelegatingMethodAccessorImpl.invoke(DelegatingMethodAccessorImpl.java:43)
	at java.lang.reflect.Method.invoke(Method.java:498)
	at org.junit.internal.runners.BeforeAndAfterRunner.invokeMethod(BeforeAndAfterRunner.java:74)
	at org.junit.internal.runners.BeforeAndAfterRunner.runBefores(BeforeAndAfterRunner.java:50)
	at org.junit.internal.runners.BeforeAndAfterRunner.runProtected(BeforeAndAfterRunner.java:33)
	at org.junit.internal.runners.TestClassRunner.run(TestClassRunner.java:52)
	at org.apache.maven.surefire.junit4.JUnit4TestSet.execute(JUnit4TestSet.java:35)
	at org.apache.maven.surefire.junit4.JUnit4Provider.executeTestSet(JUnit4Provider.java:146)
	at org.apache.maven.surefire.junit4.JUnit4Provider.invoke(JUnit4Provider.java:97)
	at sun.reflect.NativeMethodAccessorImpl.invoke0(Native Method)
	at sun.reflect.NativeMethodAccessorImpl.invoke(NativeMethodAccessorImpl.java:62)
	at sun.reflect.DelegatingMethodAccessorImpl.invoke(DelegatingMethodAccessorImpl.java:43)
	at java.lang.reflect.Method.invoke(Method.java:498)
	at org.apache.maven.surefire.booter.ProviderFactory$ClassLoaderProxy.invoke(ProviderFactory.java:103)
	at com.sun.proxy.$Proxy0.invoke(Unknown Source)
	at org.apache.maven.surefire.booter.SurefireStarter.invokeProvider(SurefireStarter.java:145)
	at org.apache.maven.surefire.booter.SurefireStarter.runSuitesInProcess(SurefireStarter.java:87)
	at org.apache.maven.surefire.booter.ForkedBooter.main(ForkedBooter.java:69)
Caused by: java.lang.ClassNotFoundException: org.apache.jena.rdf.model.Resource
	at java.net.URLClassLoader.findClass(URLClassLoader.java:381)
	at java.lang.ClassLoader.loadClass(ClassLoader.java:424)
	at sun.misc.Launcher$AppClassLoader.loadClass(Launcher.java:331)
	at java.lang.ClassLoader.loadClass(ClassLoader.java:357)
	... 27 more
</error>
    <system-out>@HL
@HL-------------------------------------------------------
@HL T E S T S
@HL-------------------------------------------------------
@SLRunning org.sadiframework.client.ConfigTest
[2017-06-11 23:31:32,117] ERROR (Config.java:109) Error configuring registry biomoby
java.lang.ClassNotFoundException: org.sadiframework.client.virtual.biomoby.BioMobyRegistry
	at java.net.URLClassLoader.findClass(URLClassLoader.java:381)
	at java.lang.ClassLoader.loadClass(ClassLoader.java:424)
	at sun.misc.Launcher$AppClassLoader.loadClass(Launcher.java:331)
	at java.lang.ClassLoader.loadClass(ClassLoader.java:357)
	at java.lang.Class.forName0(Native Method)
	at java.lang.Class.forName(Class.java:264)
	at org.sadiframework.Config.instantiate(Config.java:128)
	at org.sadiframework.client.Config.configureRegistries(Config.java:107)
	at org.sadiframework.client.Config.&lt;init&gt;(Config.java:81)
	at org.sadiframework.client.Config.&lt;clinit&gt;(Config.java:35)
	at org.sadiframework.client.ConfigTest.setUp(ConfigTest.java:20)
	at sun.reflect.NativeMethodAccessorImpl.invoke0(Native Method)
	at sun.reflect.NativeMethodAccessorImpl.invoke(NativeMethodAccessorImpl.java:62)
	at sun.reflect.DelegatingMethodAccessorImpl.invoke(DelegatingMethodAccessorImpl.java:43)
	at java.lang.reflect.Method.invoke(Method.java:498)
	at org.junit.internal.runners.BeforeAndAfterRunner.invokeMethod(BeforeAndAfterRunner.java:74)
	at org.junit.internal.runners.BeforeAndAfterRunner.runBefores(BeforeAndAfterRunner.java:50)
	at org.junit.internal.runners.BeforeAndAfterRunner.runProtected(BeforeAndAfterRunner.java:33)
	at org.junit.internal.runners.TestClassRunner.run(TestClassRunner.java:52)
	at org.apache.maven.surefire.junit4.JUnit4TestSet.execute(JUnit4TestSet.java:35)
	at org.apache.maven.surefire.junit4.JUnit4Provider.executeTestSet(JUnit4Provider.java:146)
	at org.apache.maven.surefire.junit4.JUnit4Provider.invoke(JUnit4Provider.java:97)
	at sun.reflect.NativeMethodAccessorImpl.invoke0(Native Method)
	at sun.reflect.NativeMethodAccessorImpl.invoke(NativeMethodAccessorImpl.java:62)
	at sun.reflect.DelegatingMethodAccessorImpl.invoke(DelegatingMethodAccessorImpl.java:43)
	at java.lang.reflect.Method.invoke(Method.java:498)
	at org.apache.maven.surefire.booter.ProviderFactory$ClassLoaderProxy.invoke(ProviderFactory.java:103)
	at com.sun.proxy.$Proxy0.invoke(Unknown Source)
	at org.apache.maven.surefire.booter.SurefireStarter.invokeProvider(SurefireStarter.java:145)
	at org.apache.maven.surefire.booter.SurefireStarter.runSuitesInProcess(SurefireStarter.java:87)
	at org.apache.maven.surefire.booter.ForkedBooter.main(ForkedBooter.java:69)
[2017-06-11 23:31:32,122] INFO  (Config.java:112) instantiated registry biomoby in 30ms
[2017-06-11 23:31:32,128] INFO  (Config.java:112) instantiated registry sadi in 4ms
</system-out>
  </testcase>
</testsuite>